# JRE version: Java(TM) SE Runtime Environment (8.0_152-b16) (build 1.8.0_152-b16)
# Java VM: Java HotSpot(TM) Client VM (25.152-b16 mixed mode windows-x86 )
Heap:
 def new generation   total 14528K, used 2948K [0x07600000, 0x085c0000, 0x0cb50000)
  eden space 12928K,  10% used [0x07600000, 0x0775fcb8, 0x082a0000)
  from space 1600K,  96% used [0x082a0000, 0x08421400, 0x08430000)
  to   space 1600K,   0% used [0x08430000, 0x08430000, 0x085c0000)
 tenured generation   total 32136K, used 25245K [0x0cb50000, 0x0eab2000, 0x17600000)
   the space 32136K,  78% used [0x0cb50000, 0x0e3f7628, 0x0e3f7800, 0x0eab2000)
 Metaspace       used 28791K, capacity 29756K, committed 29824K, reserved 30080K
GC Heap History (10 events):
Event: 4.552 GC heap before
{Heap before GC invocations=79 (full 3):
 def new generation   total 14528K, used 13686K [0x07600000, 0x085c0000, 0x0cb50000)
  eden space 12928K, 100% used [0x07600000, 0x082a0000, 0x082a0000)
  from space 1600K,  47% used [0x08430000, 0x084ed9e8, 0x085c0000)
  to   space 1600K,   0% used [0x082a0000, 0x082a0000, 0x08430000)
 tenured generation   total 32136K, used 23473K [0x0cb50000, 0x0eab2000, 0x17600000)
   the space 32136K,  73% used [0x0cb50000, 0x0e23c5e8, 0x0e23c600, 0x0eab2000)
 Metaspace       used 25642K, capacity 26569K, committed 26624K, reserved 27008K
Event: 4.555 GC heap after
Heap after GC invocations=80 (full 3):
 def new generation   total 14528K, used 873K [0x07600000, 0x085c0000, 0x0cb50000)
  eden space 12928K,   0% used [0x07600000, 0x07600000, 0x082a0000)
  from space 1600K,  54% used [0x082a0000, 0x0837a7f8, 0x08430000)
  to   space 1600K,   0% used [0x08430000, 0x08430000, 0x085c0000)
 tenured generation   total 32136K, used 23473K [0x0cb50000, 0x0eab2000, 0x17600000)
   the space 32136K,  73% used [0x0cb50000, 0x0e23c5e8, 0x0e23c600, 0x0eab2000)
 Metaspace       used 25642K, capacity 26569K, committed 26624K, reserved 27008K
}
Event: 4.600 GC heap before
{Heap before GC invocations=80 (full 3):
 def new generation   total 14528K, used 13801K [0x07600000, 0x085c0000, 0x0cb50000)
  eden space 12928K, 100% used [0x07600000, 0x082a0000, 0x082a0000)
  from space 1600K,  54% used [0x082a0000, 0x0837a7f8, 0x08430000)
  to   space 1600K,   0% used [0x08430000, 0x08430000, 0x085c0000)
 tenured generation   total 32136K, used 23473K [0x0cb50000, 0x0eab2000, 0x17600000)
   the space 32136K,  73% used [0x0cb50000, 0x0e23c5e8, 0x0e23c600, 0x0eab2000)
 Metaspace       used 25728K, capacity 26646K, committed 26752K, reserved 27008K
Event: 4.604 GC heap after
Heap after GC invocations=81 (full 3):
 def new generation   total 14528K, used 539K [0x07600000, 0x085c0000, 0x0cb50000)
  eden space 12928K,   0% used [0x07600000, 0x07600000, 0x082a0000)
  from space 1600K,  33% used [0x08430000, 0x084b6ef8, 0x085c0000)
  to   space 1600K,   0% used [0x082a0000, 0x082a0000, 0x08430000)
 tenured generation   total 32136K, used 23873K [0x0cb50000, 0x0eab2000, 0x17600000)
   the space 32136K,  74% used [0x0cb50000, 0x0e2a07f8, 0x0e2a0800, 0x0eab2000)
 Metaspace       used 25728K, capacity 26646K, committed 26752K, reserved 27008K
}
Event: 4.843 GC heap before
{Heap before GC invocations=81 (full 3):
 def new generation   total 14528K, used 13467K [0x07600000, 0x085c0000, 0x0cb50000)
  eden space 12928K, 100% used [0x07600000, 0x082a0000, 0x082a0000)
  from space 1600K,  33% used [0x08430000, 0x084b6ef8, 0x085c0000)
  to   space 1600K,   0% used [0x082a0000, 0x082a0000, 0x08430000)
 tenured generation   total 32136K, used 23873K [0x0cb50000, 0x0eab2000, 0x17600000)
   the space 32136K,  74% used [0x0cb50000, 0x0e2a07f8, 0x0e2a0800, 0x0eab2000)
 Metaspace       used 26771K, capacity 27719K, committed 27776K, reserved 28032K
Event: 4.847 GC heap after
Heap after GC invocations=82 (full 3):
 def new generation   total 14528K, used 1537K [0x07600000, 0x085c0000, 0x0cb50000)
  eden space 12928K,   0% used [0x07600000, 0x07600000, 0x082a0000)
  from space 1600K,  96% used [0x082a0000, 0x08420560, 0x08430000)
  to   space 1600K,   0% used [0x08430000, 0x08430000, 0x085c0000)
 tenured generation   total 32136K, used 23873K [0x0cb50000, 0x0eab2000, 0x17600000)
   the space 32136K,  74% used [0x0cb50000, 0x0e2a07f8, 0x0e2a0800, 0x0eab2000)
 Metaspace       used 26771K, capacity 27719K, committed 27776K, reserved 28032K
}
Event: 4.889 GC heap before
{Heap before GC invocations=82 (full 3):
 def new generation   total 14528K, used 14465K [0x07600000, 0x085c0000, 0x0cb50000)
  eden space 12928K, 100% used [0x07600000, 0x082a0000, 0x082a0000)
  from space 1600K,  96% used [0x082a0000, 0x08420560, 0x08430000)
  to   space 1600K,   0% used [0x08430000, 0x08430000, 0x085c0000)
 tenured generation   total 32136K, used 23873K [0x0cb50000, 0x0eab2000, 0x17600000)
   the space 32136K,  74% used [0x0cb50000, 0x0e2a07f8, 0x0e2a0800, 0x0eab2000)
 Metaspace       used 27357K, capacity 28298K, committed 28416K, reserved 29056K
Event: 4.896 GC heap after
Heap after GC invocations=83 (full 3):
 def new generation   total 14528K, used 1115K [0x07600000, 0x085c0000, 0x0cb50000)
  eden space 12928K,   0% used [0x07600000, 0x07600000, 0x082a0000)
  from space 1600K,  69% used [0x08430000, 0x08546cf8, 0x085c0000)
  to   space 1600K,   0% used [0x082a0000, 0x082a0000, 0x08430000)
 tenured generation   total 32136K, used 24739K [0x0cb50000, 0x0eab2000, 0x17600000)
   the space 32136K,  76% used [0x0cb50000, 0x0e378cf8, 0x0e378e00, 0x0eab2000)
 Metaspace       used 27357K, capacity 28298K, committed 28416K, reserved 29056K
}
Event: 5.100 GC heap before
{Heap before GC invocations=83 (full 3):
 def new generation   total 14528K, used 14043K [0x07600000, 0x085c0000, 0x0cb50000)
  eden space 12928K, 100% used [0x07600000, 0x082a0000, 0x082a0000)
  from space 1600K,  69% used [0x08430000, 0x08546cf8, 0x085c0000)
  to   space 1600K,   0% used [0x082a0000, 0x082a0000, 0x08430000)
 tenured generation   total 32136K, used 24739K [0x0cb50000, 0x0eab2000, 0x17600000)
   the space 32136K,  76% used [0x0cb50000, 0x0e378cf8, 0x0e378e00, 0x0eab2000)
 Metaspace       used 28666K, capacity 29620K, committed 29696K, reserved 30080K
Event: 5.106 GC heap after
Heap after GC invocations=84 (full 3):
 def new generation   total 14528K, used 1541K [0x07600000, 0x085c0000, 0x0cb50000)
  eden space 12928K,   0% used [0x07600000, 0x07600000, 0x082a0000)
  from space 1600K,  96% used [0x082a0000, 0x08421400, 0x08430000)
  to   space 1600K,   0% used [0x08430000, 0x08430000, 0x085c0000)
 tenured generation   total 32136K, used 25245K [0x0cb50000, 0x0eab2000, 0x17600000)
   the space 32136K,  78% used [0x0cb50000, 0x0e3f7628, 0x0e3f7800, 0x0eab2000)
 Metaspace       used 28666K, capacity 29620K, committed 29696K, reserved 30080K
}

